<p style="margin: 0px; line-height: normal; font-family: Monaco; ">/Users/bkahlert/Dropbox/development/seqan-workspace-3.7/seqan-trunk/sandbox/bkahlert/apps/tutorial_first_examples/tutorial_first_examples.cpp:6:6: error: variable has incomplete type &#39;void&#39;</p>

<p style="margin: 0px; line-height: normal; font-family: Monaco; ">void countOneMers(str) {</p>

<p style="margin: 0px; line-height: normal; font-family: Monaco; ">&nbsp;&nbsp; &nbsp; ^</p>

<p style="margin: 0px; line-height: normal; font-family: Monaco; ">/Users/bkahlert/Dropbox/development/seqan-workspace-3.7/seqan-trunk/sandbox/bkahlert/apps/tutorial_first_examples/tutorial_first_examples.cpp:6:19: error: use of undeclared identifier &#39;str&#39;</p>

<p style="margin: 0px; line-height: normal; font-family: Monaco; ">void countOneMers(str) {</p>

<p style="margin: 0px; line-height: normal; font-family: Monaco; ">&nbsp; &nbsp; &nbsp; &nbsp; &nbsp; &nbsp; &nbsp; &nbsp; &nbsp; ^</p>

<p style="margin: 0px; line-height: normal; font-family: Monaco; ">/Users/bkahlert/Dropbox/development/seqan-workspace-3.7/seqan-trunk/sandbox/bkahlert/apps/tutorial_first_examples/tutorial_first_examples.cpp:6:23: error: expected &#39;;&#39; after top level declarator</p>

<p style="margin: 0px; line-height: normal; font-family: Monaco; ">void countOneMers(str) {</p>

<p style="margin: 0px; line-height: normal; font-family: Monaco; ">&nbsp; &nbsp; &nbsp; &nbsp; &nbsp; &nbsp; &nbsp; &nbsp; &nbsp; &nbsp; &nbsp; ^</p>

<p style="margin: 0px; line-height: normal; font-family: Monaco; ">&nbsp; &nbsp; &nbsp; &nbsp; &nbsp; &nbsp; &nbsp; &nbsp; &nbsp; &nbsp; &nbsp; ;</p>

<p style="margin: 0px; line-height: normal; font-family: Monaco; ">3 errors generated.</p>

<p style="margin: 0px; line-height: normal; font-family: Monaco; ">make[2]: *** [sandbox/bkahlert/apps/tutorial_first_examples/CMakeFiles/tutorial_first_examples.dir/tutorial_first_examples.cpp.o] Error 1</p>

<p style="margin: 0px; line-height: normal; font-family: Monaco; ">make[1]: *** [sandbox/bkahlert/apps/tutorial_first_examples/CMakeFiles/tutorial_first_examples.dir/all] Error 2</p>

<p style="margin: 0px; line-height: normal; font-family: Monaco; ">make: *** [all] Error 2</p>

<p style="margin: 0px; line-height: normal; font-family: Monaco; min-height: 15px; ">&nbsp;</p>

<p style="margin: 0px; line-height: normal; font-family: Monaco; color: rgb(4, 51, 255); ">12:41:56 Build Finished (took 8s.169ms)</p>

<p style="margin: 0px; line-height: normal; font-family: Monaco; min-height: 15px; ">&nbsp;</p>